build/app/intermediates/manifest_merge_blame_file/debug/manifest-merger-blame-debug-report.txt
1<?xml version="1.0" encoding="utf-8"?>
2<manifest xmlns:android="http://schemas.android.com/apk/res/android"
3    package="com.fredrikbogg.tinder_app_flutter"
4    android:versionCode="1"
5    android:versionName="1.0.0" >
6
7    <uses-sdk
8        android:minSdkVersion="21"
9        android:targetSdkVersion="29" />
10    <!--
11         Flutter needs it to communicate with the running application
12         to allow setting breakpoints, to provide hot reload, etc.
13    -->
14    <uses-permission android:name="android.permission.INTERNET" />
14-->src\debug\AndroidManifest.xml:6:5-66
14-->src\debug\AndroidManifest.xml:6:22-64
15    <uses-permission android:name="android.permission.READ_EXTERNAL_STORAGE" />
15-->[:image_picker] AndroidManifest.xml:7:5-80
15-->[:image_picker] AndroidManifest.xml:7:22-77
16    <uses-permission android:name="android.permission.WRITE_EXTERNAL_STORAGE" />
16-->[:image_picker] AndroidManifest.xml:8:5-81
16-->[:image_picker] AndroidManifest.xml:8:22-78
17    <uses-permission android:name="android.permission.ACCESS_NETWORK_STATE" />
17-->[com.google.firebase:firebase-auth:20.0.1] AndroidManifest.xml:24:5-79
17-->[com.google.firebase:firebase-auth:20.0.1] AndroidManifest.xml:24:22-76
18    <!--
19 io.flutter.app.FlutterApplication is an android.app.Application that
20         calls FlutterMain.startInitialization(this); in its onCreate method.
21         In most cases you can leave this as-is, but you if you want to provide
22         additional functionality it is fine to subclass or reimplement
23         FlutterApplication and put your custom class here.
24    -->
25    <application
25-->src\main\AndroidManifest.xml:8:5-44:19
26        android:name="io.flutter.app.FlutterApplication"
26-->src\main\AndroidManifest.xml:9:9-57
27        android:appComponentFactory="androidx.core.app.CoreComponentFactory"
27-->[androidx.core:core:1.1.0] AndroidManifest.xml:24:18-86
28        android:debuggable="true"
29        android:icon="@mipmap/ic_launcher"
29-->src\main\AndroidManifest.xml:10:9-43
30        android:label="Tinder App Flutter" >
30-->src\main\AndroidManifest.xml:11:9-43
31        <activity
31-->src\main\AndroidManifest.xml:12:9-38:20
32            android:name="com.fredrikbogg.tinder_app_flutter.MainActivity"
32-->src\main\AndroidManifest.xml:13:13-75
33            android:configChanges="orientation|keyboardHidden|keyboard|screenSize|smallestScreenSize|locale|layoutDirection|fontScale|screenLayout|density|uiMode"
33-->src\main\AndroidManifest.xml:14:13-163
34            android:hardwareAccelerated="true"
34-->src\main\AndroidManifest.xml:15:13-47
35            android:launchMode="singleTop"
35-->src\main\AndroidManifest.xml:16:13-43
36            android:theme="@style/LaunchTheme"
36-->src\main\AndroidManifest.xml:17:13-47
37            android:windowSoftInputMode="adjustResize" >
37-->src\main\AndroidManifest.xml:18:13-55
38
39            <!--
40                 Specifies an Android theme to apply to this Activity as soon as
41                 the Android process has started. This theme is visible to the user
42                 while the Flutter UI initializes. After that, this theme continues
43                 to determine the Window background behind the Flutter UI.
44            -->
45            <meta-data
45-->src\main\AndroidManifest.xml:23:13-25:57
46                android:name="io.flutter.embedding.android.NormalTheme"
46-->src\main\AndroidManifest.xml:24:17-72
47                android:resource="@style/NormalTheme" />
47-->src\main\AndroidManifest.xml:25:17-54
48            <!--
49                 Displays an Android View that continues showing the launch screen
50                 Drawable until Flutter paints its first frame, then this splash
51                 screen fades out. A splash screen is useful to avoid any visual
52                 gap between the end of Android's launch screen and the painting of
53                 Flutter's first frame.
54            -->
55            <meta-data
55-->src\main\AndroidManifest.xml:31:13-33:66
56                android:name="io.flutter.embedding.android.SplashScreenDrawable"
56-->src\main\AndroidManifest.xml:32:17-81
57                android:resource="@drawable/launch_background" />
57-->src\main\AndroidManifest.xml:33:17-63
58
59            <intent-filter>
59-->src\main\AndroidManifest.xml:34:13-37:29
60                <action android:name="android.intent.action.MAIN" />
60-->src\main\AndroidManifest.xml:35:17-69
60-->src\main\AndroidManifest.xml:35:25-66
61
62                <category android:name="android.intent.category.LAUNCHER" />
62-->src\main\AndroidManifest.xml:36:17-77
62-->src\main\AndroidManifest.xml:36:27-74
63            </intent-filter>
64        </activity>
65        <!--
66             Don't delete the meta-data below.
67             This is used by the Flutter tool to generate GeneratedPluginRegistrant.java
68        -->
69        <meta-data
69-->src\main\AndroidManifest.xml:41:9-43:33
70            android:name="flutterEmbedding"
70-->src\main\AndroidManifest.xml:42:13-44
71            android:value="2" />
71-->src\main\AndroidManifest.xml:43:13-30
72
73        <service
73-->[:firebase_auth] AndroidManifest.xml:8:9-12:19
74            android:name="com.google.firebase.components.ComponentDiscoveryService"
74-->[:firebase_auth] AndroidManifest.xml:8:18-89
75            android:directBootAware="true"
75-->[com.google.firebase:firebase-common:19.5.0] AndroidManifest.xml:35:13-43
76            android:exported="false" >
76-->[com.google.firebase:firebase-auth:20.0.1] AndroidManifest.xml:76:13-37
77            <meta-data
77-->[:firebase_auth] AndroidManifest.xml:9:13-11:85
78                android:name="com.google.firebase.components:io.flutter.plugins.firebase.auth.FlutterFirebaseAuthRegistrar"
78-->[:firebase_auth] AndroidManifest.xml:10:17-124
79                android:value="com.google.firebase.components.ComponentRegistrar" />
79-->[:firebase_auth] AndroidManifest.xml:11:17-82
80            <meta-data
80-->[:cloud_firestore] AndroidManifest.xml:9:13-11:85
81                android:name="com.google.firebase.components:io.flutter.plugins.firebase.firestore.FlutterFirebaseFirestoreRegistrar"
81-->[:cloud_firestore] AndroidManifest.xml:10:17-134
82                android:value="com.google.firebase.components.ComponentRegistrar" />
82-->[:cloud_firestore] AndroidManifest.xml:11:17-82
83            <meta-data
83-->[:firebase_storage] AndroidManifest.xml:9:13-11:85
84                android:name="com.google.firebase.components:io.flutter.plugins.firebase.storage.FlutterFirebaseAppRegistrar"
84-->[:firebase_storage] AndroidManifest.xml:10:17-126
85                android:value="com.google.firebase.components.ComponentRegistrar" />
85-->[:firebase_storage] AndroidManifest.xml:11:17-82
86            <meta-data
86-->[:firebase_core] AndroidManifest.xml:9:13-11:85
87                android:name="com.google.firebase.components:io.flutter.plugins.firebase.core.FlutterFirebaseCoreRegistrar"
87-->[:firebase_core] AndroidManifest.xml:10:17-124
88                android:value="com.google.firebase.components.ComponentRegistrar" />
88-->[:firebase_core] AndroidManifest.xml:11:17-82
89            <meta-data
89-->[com.google.firebase:firebase-auth:20.0.1] AndroidManifest.xml:77:13-79:85
90                android:name="com.google.firebase.components:com.google.firebase.auth.FirebaseAuthRegistrar"
90-->[com.google.firebase:firebase-auth:20.0.1] AndroidManifest.xml:78:17-109
91                android:value="com.google.firebase.components.ComponentRegistrar" />
91-->[com.google.firebase:firebase-auth:20.0.1] AndroidManifest.xml:79:17-82
92            <meta-data
92-->[com.google.firebase:firebase-firestore:22.0.1] AndroidManifest.xml:20:13-22:85
93                android:name="com.google.firebase.components:com.google.firebase.firestore.FirestoreRegistrar"
93-->[com.google.firebase:firebase-firestore:22.0.1] AndroidManifest.xml:21:17-111
94                android:value="com.google.firebase.components.ComponentRegistrar" />
94-->[com.google.firebase:firebase-firestore:22.0.1] AndroidManifest.xml:22:17-82
95            <meta-data
95-->[com.google.firebase:firebase-storage:19.2.1] AndroidManifest.xml:33:13-35:85
96                android:name="com.google.firebase.components:com.google.firebase.storage.StorageRegistrar"
96-->[com.google.firebase:firebase-storage:19.2.1] AndroidManifest.xml:34:17-107
97                android:value="com.google.firebase.components.ComponentRegistrar" />
97-->[com.google.firebase:firebase-storage:19.2.1] AndroidManifest.xml:35:17-82
98            <!--
99                This registrar is not defined in the dynamic-module-support sdk itself to allow non-firebase
100                clients to use it as well, by defining this registrar in their own core/common library.
101            -->
102            <meta-data
102-->[com.google.firebase:firebase-common:19.5.0] AndroidManifest.xml:43:13-45:85
103                android:name="com.google.firebase.components:com.google.firebase.dynamicloading.DynamicLoadingRegistrar"
103-->[com.google.firebase:firebase-common:19.5.0] AndroidManifest.xml:44:17-121
104                android:value="com.google.firebase.components.ComponentRegistrar" />
104-->[com.google.firebase:firebase-common:19.5.0] AndroidManifest.xml:45:17-82
105        </service>
106
107        <provider
107-->[:image_picker] AndroidManifest.xml:11:9-19:20
108            android:name="io.flutter.plugins.imagepicker.ImagePickerFileProvider"
108-->[:image_picker] AndroidManifest.xml:12:13-82
109            android:authorities="com.fredrikbogg.tinder_app_flutter.flutter.image_provider"
109-->[:image_picker] AndroidManifest.xml:13:13-74
110            android:exported="false"
110-->[:image_picker] AndroidManifest.xml:14:13-37
111            android:grantUriPermissions="true" >
111-->[:image_picker] AndroidManifest.xml:15:13-47
112            <meta-data
112-->[:image_picker] AndroidManifest.xml:16:13-18:75
113                android:name="android.support.FILE_PROVIDER_PATHS"
113-->[:image_picker] AndroidManifest.xml:17:17-67
114                android:resource="@xml/flutter_image_picker_file_paths" />
114-->[:image_picker] AndroidManifest.xml:18:17-72
115        </provider>
116
117        <activity
117-->[com.google.firebase:firebase-auth:20.0.1] AndroidManifest.xml:27:9-44:20
118            android:name="com.google.firebase.auth.internal.GenericIdpActivity"
118-->[com.google.firebase:firebase-auth:20.0.1] AndroidManifest.xml:28:13-80
119            android:excludeFromRecents="true"
119-->[com.google.firebase:firebase-auth:20.0.1] AndroidManifest.xml:29:13-46
120            android:exported="true"
120-->[com.google.firebase:firebase-auth:20.0.1] AndroidManifest.xml:30:13-36
121            android:launchMode="singleTask"
121-->[com.google.firebase:firebase-auth:20.0.1] AndroidManifest.xml:31:13-44
122            android:theme="@android:style/Theme.Translucent.NoTitleBar" >
122-->[com.google.firebase:firebase-auth:20.0.1] AndroidManifest.xml:32:13-72
123            <intent-filter>
123-->[com.google.firebase:firebase-auth:20.0.1] AndroidManifest.xml:33:13-43:29
124                <action android:name="android.intent.action.VIEW" />
124-->[com.google.firebase:firebase-auth:20.0.1] AndroidManifest.xml:34:17-69
124-->[com.google.firebase:firebase-auth:20.0.1] AndroidManifest.xml:34:25-66
125
126                <category android:name="android.intent.category.DEFAULT" />
126-->[com.google.firebase:firebase-auth:20.0.1] AndroidManifest.xml:36:17-76
126-->[com.google.firebase:firebase-auth:20.0.1] AndroidManifest.xml:36:27-73
127                <category android:name="android.intent.category.BROWSABLE" />
127-->[com.google.firebase:firebase-auth:20.0.1] AndroidManifest.xml:37:17-78
127-->[com.google.firebase:firebase-auth:20.0.1] AndroidManifest.xml:37:27-75
128
129                <data
129-->[com.google.firebase:firebase-auth:20.0.1] AndroidManifest.xml:39:17-42:51
130                    android:host="firebase.auth"
130-->[com.google.firebase:firebase-auth:20.0.1] AndroidManifest.xml:40:21-49
131                    android:path="/"
131-->[com.google.firebase:firebase-auth:20.0.1] AndroidManifest.xml:41:21-37
132                    android:scheme="genericidp" />
132-->[com.google.firebase:firebase-auth:20.0.1] AndroidManifest.xml:42:21-48
133            </intent-filter>
134        </activity>
135        <activity
135-->[com.google.firebase:firebase-auth:20.0.1] AndroidManifest.xml:45:9-62:20
136            android:name="com.google.firebase.auth.internal.RecaptchaActivity"
136-->[com.google.firebase:firebase-auth:20.0.1] AndroidManifest.xml:46:13-79
137            android:excludeFromRecents="true"
137-->[com.google.firebase:firebase-auth:20.0.1] AndroidManifest.xml:47:13-46
138            android:exported="true"
138-->[com.google.firebase:firebase-auth:20.0.1] AndroidManifest.xml:48:13-36
139            android:launchMode="singleTask"
139-->[com.google.firebase:firebase-auth:20.0.1] AndroidManifest.xml:49:13-44
140            android:theme="@android:style/Theme.Translucent.NoTitleBar" >
140-->[com.google.firebase:firebase-auth:20.0.1] AndroidManifest.xml:50:13-72
141            <intent-filter>
141-->[com.google.firebase:firebase-auth:20.0.1] AndroidManifest.xml:51:13-61:29
142                <action android:name="android.intent.action.VIEW" />
142-->[com.google.firebase:firebase-auth:20.0.1] AndroidManifest.xml:34:17-69
142-->[com.google.firebase:firebase-auth:20.0.1] AndroidManifest.xml:34:25-66
143
144                <category android:name="android.intent.category.DEFAULT" />
144-->[com.google.firebase:firebase-auth:20.0.1] AndroidManifest.xml:36:17-76
144-->[com.google.firebase:firebase-auth:20.0.1] AndroidManifest.xml:36:27-73
145                <category android:name="android.intent.category.BROWSABLE" />
145-->[com.google.firebase:firebase-auth:20.0.1] AndroidManifest.xml:37:17-78
145-->[com.google.firebase:firebase-auth:20.0.1] AndroidManifest.xml:37:27-75
146
147                <data
147-->[com.google.firebase:firebase-auth:20.0.1] AndroidManifest.xml:39:17-42:51
148                    android:host="firebase.auth"
148-->[com.google.firebase:firebase-auth:20.0.1] AndroidManifest.xml:40:21-49
149                    android:path="/"
149-->[com.google.firebase:firebase-auth:20.0.1] AndroidManifest.xml:41:21-37
150                    android:scheme="recaptcha" />
150-->[com.google.firebase:firebase-auth:20.0.1] AndroidManifest.xml:42:21-48
151            </intent-filter>
152        </activity>
153
154        <service
154-->[com.google.firebase:firebase-auth:20.0.1] AndroidManifest.xml:64:9-73:19
155            android:name="com.google.firebase.auth.api.fallback.service.FirebaseAuthFallbackService"
155-->[com.google.firebase:firebase-auth:20.0.1] AndroidManifest.xml:65:13-101
156            android:enabled="true"
156-->[com.google.firebase:firebase-auth:20.0.1] AndroidManifest.xml:66:13-35
157            android:exported="false" >
157-->[com.google.firebase:firebase-auth:20.0.1] AndroidManifest.xml:67:13-37
158            <intent-filter>
158-->[com.google.firebase:firebase-auth:20.0.1] AndroidManifest.xml:68:13-72:29
159                <action android:name="com.google.firebase.auth.api.gms.service.START" />
159-->[com.google.firebase:firebase-auth:20.0.1] AndroidManifest.xml:69:17-89
159-->[com.google.firebase:firebase-auth:20.0.1] AndroidManifest.xml:69:25-86
160
161                <category android:name="android.intent.category.DEFAULT" />
161-->[com.google.firebase:firebase-auth:20.0.1] AndroidManifest.xml:36:17-76
161-->[com.google.firebase:firebase-auth:20.0.1] AndroidManifest.xml:36:27-73
162            </intent-filter>
163        </service>
164
165        <activity
165-->[com.google.android.gms:play-services-base:17.1.0] AndroidManifest.xml:23:9-26:75
166            android:name="com.google.android.gms.common.api.GoogleApiActivity"
166-->[com.google.android.gms:play-services-base:17.1.0] AndroidManifest.xml:24:13-79
167            android:exported="false"
167-->[com.google.android.gms:play-services-base:17.1.0] AndroidManifest.xml:25:13-37
168            android:theme="@android:style/Theme.Translucent.NoTitleBar" />
168-->[com.google.android.gms:play-services-base:17.1.0] AndroidManifest.xml:26:13-72
169
170        <provider
170-->[com.google.firebase:firebase-common:19.5.0] AndroidManifest.xml:26:9-31:39
171            android:name="com.google.firebase.provider.FirebaseInitProvider"
171-->[com.google.firebase:firebase-common:19.5.0] AndroidManifest.xml:27:13-77
172            android:authorities="com.fredrikbogg.tinder_app_flutter.firebaseinitprovider"
172-->[com.google.firebase:firebase-common:19.5.0] AndroidManifest.xml:28:13-72
173            android:directBootAware="true"
173-->[com.google.firebase:firebase-common:19.5.0] AndroidManifest.xml:29:13-43
174            android:exported="false"
174-->[com.google.firebase:firebase-common:19.5.0] AndroidManifest.xml:30:13-37
175            android:initOrder="100" />
175-->[com.google.firebase:firebase-common:19.5.0] AndroidManifest.xml:31:13-36
176
177        <meta-data
177-->[com.google.android.gms:play-services-basement:17.1.0] AndroidManifest.xml:23:9-25:69
178            android:name="com.google.android.gms.version"
178-->[com.google.android.gms:play-services-basement:17.1.0] AndroidManifest.xml:24:13-58
179            android:value="@integer/google_play_services_version" />
179-->[com.google.android.gms:play-services-basement:17.1.0] AndroidManifest.xml:25:13-66
180    </application>
181
182</manifest>